[0m02:28:27.664460 [debug] [MainThread]: Sending event: {'category': 'dbt', 'action': 'invocation', 'label': 'start', 'context': [<snowplow_tracker.self_describing_json.SelfDescribingJson object at 0x795490750590>, <snowplow_tracker.self_describing_json.SelfDescribingJson object at 0x79548ff44e10>, <snowplow_tracker.self_describing_json.SelfDescribingJson object at 0x79548f9bbed0>]}


============================== 02:28:27.667433 | 7239ef29-6a65-4235-a742-28813273adb2 ==============================
[0m02:28:27.667433 [info ] [MainThread]: Running with dbt=1.10.15
[0m02:28:27.667909 [debug] [MainThread]: running dbt with arguments {'static_parser': 'True', 'no_print': 'None', 'cache_selected_only': 'False', 'partial_parse': 'True', 'write_json': 'True', 'invocation_command': 'dbt init', 'quiet': 'False', 'profiles_dir': '/home/sekou/.dbt', 'use_colors': 'True', 'log_path': 'logs', 'debug': 'False', 'target_path': 'None', 'send_anonymous_usage_stats': 'True', 'warn_error': 'None', 'version_check': 'True', 'fail_fast': 'False', 'log_cache_events': 'False', 'use_experimental_parser': 'False', 'warn_error_options': 'WarnErrorOptionsV2(error=[], warn=[], silence=[])', 'printer_width': '80', 'empty': 'None', 'introspect': 'True', 'indirect_selection': 'eager', 'log_format': 'default'}
[0m02:28:27.704314 [info ] [MainThread]: Creating dbt configuration folder at /home/sekou/.dbt
[0m02:29:07.893346 [debug] [MainThread]: Starter project path: /home/sekou/glow-up-skills/snowflake-tuto/dbt-bitcoin-project/.venv/lib/python3.13/site-packages/dbt/include/starter_project
[0m02:29:07.897650 [info ] [MainThread]: 
Your new dbt project "BTC" was created!

For more information on how to configure the profiles.yml file,
please consult the dbt documentation here:

  https://docs.getdbt.com/docs/configure-your-profile

One more thing:

Need help? Don't hesitate to reach out to us via GitHub issues or on Slack:

  https://community.getdbt.com/

Happy modeling!

[0m02:29:07.898204 [info ] [MainThread]: Setting up your profile.
[0m02:31:22.620894 [debug] [MainThread]: Snowflake adapter: Setting snowflake.connector to ERROR (file logging only)
[0m02:31:22.621252 [debug] [MainThread]: Snowflake adapter: Setting botocore to ERROR (file logging only)
[0m02:31:22.621589 [debug] [MainThread]: Snowflake adapter: Setting boto3 to ERROR (file logging only)
[0m02:36:02.718138 [info ] [MainThread]: Profile BTC written to /home/sekou/.dbt/profiles.yml using target's profile_template.yml and your supplied values. Run 'dbt debug' to validate the connection.
[0m02:36:02.719922 [debug] [MainThread]: Resource report: {"command_name": "init", "command_success": true, "command_wall_clock_time": 455.094, "process_in_blocks": "72", "process_kernel_time": 0.107916, "process_mem_max_rss": "123508", "process_out_blocks": "776", "process_user_time": 1.067928}
[0m02:36:02.721345 [debug] [MainThread]: Command `dbt init` succeeded at 02:36:02.721098 after 455.10 seconds
[0m02:36:02.722318 [debug] [MainThread]: Sending event: {'category': 'dbt', 'action': 'invocation', 'label': 'end', 'context': [<snowplow_tracker.self_describing_json.SelfDescribingJson object at 0x79548e152190>, <snowplow_tracker.self_describing_json.SelfDescribingJson object at 0x795490b6f0b0>, <snowplow_tracker.self_describing_json.SelfDescribingJson object at 0x79548e1d4050>]}
[0m02:36:02.722880 [debug] [MainThread]: Flushing usage events
[0m02:36:03.126474 [debug] [MainThread]: An error was encountered while trying to flush usage events
